<?xml version="1.0" encoding="UTF-8"?>
<!-- Generated by org.testng.reporters.JUnitXMLReporter -->
<testsuite hostname="Dhaliwal-macs-MacBook-Air.local" ignored="4" name="Test" tests="2" failures="0" timestamp="2020-05-05T11:51:17 IST" time="30.154" errors="0">
  <testcase name="loginTest" time="3.756" classname="com.inetbanking.test_cases.TestCase_001_LoginTest"/>
  <testcase name="addNewCutomer" time="8.497" classname="com.inetbanking.test_cases.TestCase_003_AddCustomer"/>
  <testcase name="@BeforeSuite beforeSuite" time="0.0" classname="com.inetbanking.test_cases.TestHelper">
    <ignored/>
  </testcase> <!-- @BeforeSuite beforeSuite -->
  <testcase name="@AfterTest afterTest" time="0.0" classname="com.inetbanking.test_cases.TestHelper">
    <ignored/>
  </testcase> <!-- @AfterTest afterTest -->
  <testcase name="@AfterSuite afterSuite" time="0.0" classname="com.inetbanking.test_cases.TestHelper">
    <ignored/>
  </testcase> <!-- @AfterSuite afterSuite -->
  <testcase name="@BeforeTest beforeTest" time="0.0" classname="com.inetbanking.test_cases.TestHelper">
    <ignored/>
  </testcase> <!-- @BeforeTest beforeTest -->
</testsuite> <!-- Test -->
