<?xml version="1.0" encoding="UTF-8"?>
<testng-results skipped="0" failed="0" ignored="0" total="1" passed="1">
  <reporter-output>
  </reporter-output>
  <suite name="Suite" duration-ms="54993" started-at="2020-05-05T17:28:39 IST" finished-at="2020-05-05T17:29:34 IST">
    <groups>
    </groups>
    <test name="Test" duration-ms="54993" started-at="2020-05-05T17:28:39 IST" finished-at="2020-05-05T17:29:34 IST">
      <class name="com.inetbanking.test_cases.TestCase_001_LoginTest">
        <test-method status="PASS" signature="beforeSuite()[pri:0, instance:com.inetbanking.test_cases.TestCase_001_LoginTest@56235b8e]" name="beforeSuite" is-config="true" duration-ms="13" started-at="2020-05-05T17:28:39 IST" finished-at="2020-05-05T17:28:39 IST">
          <reporter-output>
          </reporter-output>
        </test-method> <!-- beforeSuite -->
        <test-method status="PASS" signature="beforeTest()[pri:0, instance:com.inetbanking.test_cases.TestCase_001_LoginTest@56235b8e]" name="beforeTest" is-config="true" duration-ms="0" started-at="2020-05-05T17:28:40 IST" finished-at="2020-05-05T17:28:40 IST">
          <reporter-output>
          </reporter-output>
        </test-method> <!-- beforeTest -->
        <test-method status="PASS" signature="beforeClass(java.lang.String)[pri:0, instance:com.inetbanking.test_cases.TestCase_001_LoginTest@56235b8e]" name="beforeClass" is-config="true" duration-ms="41888" started-at="2020-05-05T17:28:40 IST" finished-at="2020-05-05T17:29:21 IST">
          <params>
            <param index="0">
              <value>
                <![CDATA[Chrome]]>
              </value>
            </param>
          </params>
          <reporter-output>
          </reporter-output>
        </test-method> <!-- beforeClass -->
        <test-method status="PASS" signature="beforeMethod()[pri:0, instance:com.inetbanking.test_cases.TestCase_001_LoginTest@56235b8e]" name="beforeMethod" is-config="true" duration-ms="0" started-at="2020-05-05T17:29:21 IST" finished-at="2020-05-05T17:29:21 IST">
          <reporter-output>
          </reporter-output>
        </test-method> <!-- beforeMethod -->
        <test-method status="PASS" signature="loginTest()[pri:0, instance:com.inetbanking.test_cases.TestCase_001_LoginTest@56235b8e]" name="loginTest" duration-ms="12431" started-at="2020-05-05T17:29:21 IST" finished-at="2020-05-05T17:29:34 IST">
          <reporter-output>
          </reporter-output>
        </test-method> <!-- loginTest -->
        <test-method status="PASS" signature="afterMethod()[pri:0, instance:com.inetbanking.test_cases.TestCase_001_LoginTest@56235b8e]" name="afterMethod" is-config="true" duration-ms="1" started-at="2020-05-05T17:29:34 IST" finished-at="2020-05-05T17:29:34 IST">
          <reporter-output>
          </reporter-output>
        </test-method> <!-- afterMethod -->
        <test-method status="PASS" signature="afterClass()[pri:0, instance:com.inetbanking.test_cases.TestCase_001_LoginTest@56235b8e]" name="afterClass" is-config="true" duration-ms="104" started-at="2020-05-05T17:29:34 IST" finished-at="2020-05-05T17:29:34 IST">
          <reporter-output>
          </reporter-output>
        </test-method> <!-- afterClass -->
        <test-method status="PASS" signature="afterTest()[pri:0, instance:com.inetbanking.test_cases.TestCase_001_LoginTest@56235b8e]" name="afterTest" is-config="true" duration-ms="0" started-at="2020-05-05T17:29:34 IST" finished-at="2020-05-05T17:29:34 IST">
          <reporter-output>
          </reporter-output>
        </test-method> <!-- afterTest -->
        <test-method status="PASS" signature="afterSuite()[pri:0, instance:com.inetbanking.test_cases.TestCase_001_LoginTest@56235b8e]" name="afterSuite" is-config="true" duration-ms="1" started-at="2020-05-05T17:29:35 IST" finished-at="2020-05-05T17:29:35 IST">
          <reporter-output>
          </reporter-output>
        </test-method> <!-- afterSuite -->
      </class> <!-- com.inetbanking.test_cases.TestCase_001_LoginTest -->
    </test> <!-- Test -->
  </suite> <!-- Suite -->
</testng-results>
